<?xml version="1.0" encoding="UTF-8"?>
<!-- Generated by org.testng.reporters.JUnitReportReporter -->
<testsuite skipped="0" hostname="HYL-777856" name="demotest.RestPut" tests="1" failures="0" timestamp="2020-04-11T14:06:25 IST" time="1.235" errors="0">
  <testcase name="putMethod" time="1.235" classname="demotest.RestPut"/>
</testsuite> <!-- demotest.RestPut -->
