<?xml version="1.0" encoding="UTF-8"?>
<!-- Generated by org.testng.reporters.JUnitReportReporter -->
<testsuite skipped="0" hostname="HYL-777856" name="demotest.RestAPIautomation" tests="2" failures="0" timestamp="2020-04-11T14:06:25 IST" time="4.220" errors="0">
  <testcase name="getTest1" time="0.824" classname="demotest.RestAPIautomation"/>
  <testcase name="getTest" time="3.396" classname="demotest.RestAPIautomation"/>
</testsuite> <!-- demotest.RestAPIautomation -->
