<?xml version="1.0" encoding="UTF-8"?>
<!-- Generated by org.testng.reporters.JUnitReportReporter -->
<testsuite skipped="0" hostname="HYL-777856" name="demotest.RestPost" tests="1" failures="0" timestamp="2020-04-11T14:06:25 IST" time="0.758" errors="0">
  <testcase name="postRequestNew" time="0.758" classname="demotest.RestPost"/>
</testsuite> <!-- demotest.RestPost -->
