<?xml version="1.0" encoding="UTF-8"?>
<!-- Generated by org.testng.reporters.JUnitReportReporter -->
<testsuite skipped="0" hostname="HYL-777856" name="demotest.RestJSONValidation" tests="1" failures="0" timestamp="2020-04-11T14:06:25 IST" time="1.935" errors="0">
  <testcase name="checkStatusCode" time="1.935" classname="demotest.RestJSONValidation"/>
</testsuite> <!-- demotest.RestJSONValidation -->
